* using log directory 'C:/src/Rpath/Rpath.Rcheck'
* using R version 3.2.0 (2015-04-16)
* using platform: x86_64-w64-mingw32 (64-bit)
* using session charset: ISO8859-1
* checking for file 'Rpath/DESCRIPTION' ... OK
* checking extension type ... Package
* this is package 'Rpath' version '0.0.0.9000'
* checking package namespace information ... OK
* checking package dependencies ... OK
* checking if this is a source package ... WARNING
Subdirectory 'src' contains:
  .fuse_hidden000008950000000b
These are unlikely file names for src files.
* checking if there is a namespace ... OK
* checking for executable files ... OK
* checking for hidden files and directories ... NOTE
Found the following hidden files and directories:
  src/.fuse_hidden000008950000000b
These were most likely included in error. See section 'Package
structure' in the 'Writing R Extensions' manual.
* checking for portable file names ... OK
* checking whether package 'Rpath' can be installed ... WARNING
Found the following significant warnings:
  Warning: C:/src/Rpath/Rpath.Rcheck/00_pkg_src/Rpath/man/Rpath-package.Rd:30: All text must be in a section
  Warning: C:/src/Rpath/Rpath.Rcheck/00_pkg_src/Rpath/man/Rpath-package.Rd:31: All text must be in a section
See 'C:/src/Rpath/Rpath.Rcheck/00install.out' for details.
* checking installed package size ... OK
* checking package directory ... OK
* checking DESCRIPTION meta-information ... NOTE
Malformed Description field: should contain one or more complete sentences.
* checking top-level files ... OK
* checking for left-over files ... OK
* checking index information ... OK
* checking package subdirectories ... OK
* checking R files for non-ASCII characters ... OK
* checking R files for syntax errors ... OK
* loading checks for arch 'i386'
** checking whether the package can be loaded ... OK
** checking whether the package can be loaded with stated dependencies ... OK
** checking whether the package can be unloaded cleanly ... OK
** checking whether the namespace can be loaded with stated dependencies ... OK
** checking whether the namespace can be unloaded cleanly ... OK
* loading checks for arch 'x64'
** checking whether the package can be loaded ... OK
** checking whether the package can be loaded with stated dependencies ... OK
** checking whether the package can be unloaded cleanly ... OK
** checking whether the namespace can be loaded with stated dependencies ... OK
** checking whether the namespace can be unloaded cleanly ... OK
* checking dependencies in R code ... OK
* checking S3 generic/method consistency ... WARNING
summary:
  function(object, ...)
summary.Rpath:
  function(x, ...)

summary:
  function(object, ...)
summary.Rpath.sim:
  function(x, ...)

See section 'Generic functions and methods' in the 'Writing R
Extensions' manual.
* checking replacement functions ... OK
* checking foreign function calls ... OK
* checking R code for possible problems ... NOTE
create.rpath.param: no visible binding for global variable 'Group'
create.rpath.param: no visible binding for global variable 'DetInput'
create.rpath.param: no visible binding for global variable 'V1'
ecopath: no visible binding for global variable 'Type'
ecopath: no visible binding for global variable 'DetInput'
ecopath: no visible binding for global variable 'ProdCons'
ecopath: no visible binding for global variable 'PB'
ecopath: no visible binding for global variable 'noB'
ecopath: no visible binding for global variable 'noEE'
ecopath: no visible binding for global variable 'alive'
ecopath: no visible binding for global variable 'Biomass'
ecopath: no visible binding for global variable 'Q'
ecopath: no visible binding for global variable 'BioAcc'
ecopath: no visible binding for global variable 'diag.a'
ecopath: no visible binding for global variable 'BioQB'
ecopath: no visible binding for global variable 'EEa'
ecopath: no visible binding for global variable 'B'
ecopath: no visible binding for global variable 'M0'
ecopath: no visible binding for global variable 'QBloss'
ecopath: no visible binding for global variable 'Unassim'
ecopath: no visible binding for global variable 'Group'
ecosim.plot: no visible binding for global variable 'Month'
webplot: no visible binding for global variable 'TL'
webplot: no visible binding for global variable 'TLlevel'
webplot: no visible binding for global variable 'type'
webplot: no visible binding for global variable 'n'
webplot: no visible binding for global variable 'x.space'
webplot: no visible binding for global variable 'x.offset'
webplot: no visible binding for global variable 'Group'
webplot: no visible binding for global variable 'x.pos'
webplot: no visible binding for global variable 'GroupNum'
* checking Rd files ... WARNING
prepare_Rd: Rpath-package.Rd:30: All text must be in a section
prepare_Rd: Rpath-package.Rd:31: All text must be in a section
prepare_Rd: Rpath-package.Rd:37-39: Dropping empty section \examples
* checking Rd metadata ... OK
* checking Rd cross-references ... WARNING
Unknown package '<pkg>' in Rd xrefs
* checking for missing documentation entries ... OK
* checking for code/documentation mismatches ... OK
* checking Rd \usage sections ... WARNING
Undocumented arguments in documentation object 'ecosim.run'
  'EYY'

Duplicated \argument entries in documentation object 'webplot':
  'highlight'

Undocumented arguments in documentation object 'write.Rpath'
  '...'

Undocumented arguments in documentation object 'write.Rpath.sim'
  '...'

Functions with \usage entries need to have the appropriate \alias
entries, and all their arguments documented.
The \usage entries must correspond to syntactically valid R code.
See chapter 'Writing R documentation files' in the 'Writing R
Extensions' manual.
* checking Rd contents ... OK
* checking for unstated dependencies in examples ... OK
* checking line endings in C/C++/Fortran sources/headers ... OK
* checking compiled code ... OK
* checking examples ... NONE
* checking PDF version of manual ... WARNING
LaTeX errors when creating PDF version.
This typically indicates Rd problems.
* checking PDF version of manual without hyperrefs or index ... ERROR
Re-running with no redirection of stdout/stderr.
* DONE
Status: 1 ERROR, 7 WARNINGs, 3 NOTEs
