* installing *source* package 'Rpath' ...
** libs

*** arch - i386
g++ -m32 -I"C:/PROGRA~1/R3/R-32~1.0/include" -DNDEBUG    -I"C:/Program Files/R3/R-3.2.0/library/Rcpp/include" -I"d:/RCompile/r-compiling/local/local320/include"     -O2 -Wall  -mtune=core2 -c RcppExports.cpp -o RcppExports.o
g++ -m32 -I"C:/PROGRA~1/R3/R-32~1.0/include" -DNDEBUG    -I"C:/Program Files/R3/R-3.2.0/library/Rcpp/include" -I"d:/RCompile/r-compiling/local/local320/include"     -O2 -Wall  -mtune=core2 -c ecosim.cpp -o ecosim.o
g++ -m32 -shared -s -static-libgcc -o Rpath.dll tmp.def RcppExports.o ecosim.o -Ld:/RCompile/r-compiling/local/local320/lib/i386 -Ld:/RCompile/r-compiling/local/local320/lib -LC:/PROGRA~1/R3/R-32~1.0/bin/i386 -lR
installing to C:/src/Rpath/Rpath.Rcheck/Rpath/libs/i386

*** arch - x64
g++ -m64 -I"C:/PROGRA~1/R3/R-32~1.0/include" -DNDEBUG    -I"C:/Program Files/R3/R-3.2.0/library/Rcpp/include" -I"d:/RCompile/r-compiling/local/local320/include"     -O2 -Wall  -mtune=core2 -c RcppExports.cpp -o RcppExports.o
g++ -m64 -I"C:/PROGRA~1/R3/R-32~1.0/include" -DNDEBUG    -I"C:/Program Files/R3/R-3.2.0/library/Rcpp/include" -I"d:/RCompile/r-compiling/local/local320/include"     -O2 -Wall  -mtune=core2 -c ecosim.cpp -o ecosim.o
g++ -m64 -shared -s -static-libgcc -o Rpath.dll tmp.def RcppExports.o ecosim.o -Ld:/RCompile/r-compiling/local/local320/lib/x64 -Ld:/RCompile/r-compiling/local/local320/lib -LC:/PROGRA~1/R3/R-32~1.0/bin/x64 -lR
installing to C:/src/Rpath/Rpath.Rcheck/Rpath/libs/x64
** R
** preparing package for lazy loading
** help
Warning: C:/src/Rpath/Rpath.Rcheck/00_pkg_src/Rpath/man/Rpath-package.Rd:30: All text must be in a section
Warning: C:/src/Rpath/Rpath.Rcheck/00_pkg_src/Rpath/man/Rpath-package.Rd:31: All text must be in a section
*** installing help indices
** building package indices
** testing if installed package can be loaded
*** arch - i386
*** arch - x64
* DONE (Rpath)
